[debug] [2023-11-14T14:22:28.712Z] ----------------------------------------------------------------------
[debug] [2023-11-14T14:22:28.715Z] Command:       C:\Program Files\nodejs\node.exe c:\Users\phare\AppData\Roaming\npm\node_modules\firebase-tools\lib\bin\firebase.js init
[debug] [2023-11-14T14:22:28.716Z] CLI Version:   12.8.1
[debug] [2023-11-14T14:22:28.716Z] Platform:      win32
[debug] [2023-11-14T14:22:28.716Z] Node Version:  v20.8.1
[debug] [2023-11-14T14:22:28.716Z] Time:          Tue Nov 14 2023 15:22:28 GMT+0100 (heure normale d’Europe centrale)
[debug] [2023-11-14T14:22:28.717Z] ----------------------------------------------------------------------
[debug] 
[debug] [2023-11-14T14:22:28.833Z] > command requires scopes: ["email","openid","https://www.googleapis.com/auth/cloudplatformprojects.readonly","https://www.googleapis.com/auth/firebase","https://www.googleapis.com/auth/cloud-platform"]
[debug] [2023-11-14T14:22:28.834Z] > authorizing via signed-in user (titi.pharell77420@gmail.com)
[info] 
     ######## #### ########  ######## ########     ###     ######  ########
     ##        ##  ##     ## ##       ##     ##  ##   ##  ##       ##
     ######    ##  ########  ######   ########  #########  ######  ######
     ##        ##  ##    ##  ##       ##     ## ##     ##       ## ##
     ##       #### ##     ## ######## ########  ##     ##  ######  ########

You're about to initialize a Firebase project in this directory:

  C:\Users\phare\OneDrive\Documents\GitHub\portfolio

Before we get started, keep in mind:

  * You are initializing within an existing Firebase project directory

